<?xml version="1.0" encoding="UTF-8"?>
<!-- Generated by org.testng.reporters.JUnitReportReporter -->
<testsuite hostname="LAPTOP-U94663UT" failures="0" tests="1" name="com.JupiterToys_POMSeleniumFramework.tests.Tests_JupiterToys_Module1Test" time="1.442" errors="0" timestamp="2022-03-02T02:41:26 CST" skipped="0">
  <testcase classname="com.JupiterToys_POMSeleniumFramework.tests.Tests_JupiterToys_Module1Test" name="Tests_JupiterToys_Module1_TC4" time="1.442"/>
  <system-out/>
</testsuite> <!-- com.JupiterToys_POMSeleniumFramework.tests.Tests_JupiterToys_Module1Test -->
