<?xml version="1.0" encoding="UTF-8"?>
<!-- Generated by org.testng.reporters.JUnitReportReporter -->
<testsuite hostname="LAPTOP-U94663UT" failures="0" tests="2" name="com.TDDPOMSeleniumFramework.tests.SmokeTests_NewTours_Module1" time="0.510" errors="0" timestamp="2022-02-25T09:28:13 CST" skipped="0">
  <testcase classname="com.TDDPOMSeleniumFramework.tests.SmokeTests_NewTours_Module1" name="SmokeTests_NewTours_Module1_TC1" time="0.297"/>
  <system-out/>
  <testcase classname="com.TDDPOMSeleniumFramework.tests.SmokeTests_NewTours_Module1" name="SmokeTests_NewTours_Module1_TC2" time="0.213"/>
  <system-out/>
</testsuite> <!-- com.TDDPOMSeleniumFramework.tests.SmokeTests_NewTours_Module1 -->
