<?xml version="1.0" encoding="UTF-8"?>
<!-- Generated by org.testng.reporters.JUnitReportReporter -->
<testsuite hostname="LAPTOP-U94663UT" failures="0" tests="4" name="com.JupiterToys_POMSeleniumFramework.tests.Tests_JupiterToys_Module1Test" time="29.529" errors="0" timestamp="2022-03-02T08:36:11 CST" skipped="0">
  <testcase classname="com.JupiterToys_POMSeleniumFramework.tests.Tests_JupiterToys_Module1Test" name="Tests_JupiterToys_Module1_TC1" time="16.414"/>
  <system-out/>
  <testcase classname="com.JupiterToys_POMSeleniumFramework.tests.Tests_JupiterToys_Module1Test" name="Tests_JupiterToys_Module1_TC2" time="9.867"/>
  <system-out/>
  <testcase classname="com.JupiterToys_POMSeleniumFramework.tests.Tests_JupiterToys_Module1Test" name="Tests_JupiterToys_Module1_TC3" time="0.862"/>
  <system-out/>
  <testcase classname="com.JupiterToys_POMSeleniumFramework.tests.Tests_JupiterToys_Module1Test" name="Tests_JupiterToys_Module1_TC4" time="2.386"/>
  <system-out/>
</testsuite> <!-- com.JupiterToys_POMSeleniumFramework.tests.Tests_JupiterToys_Module1Test -->
