<?xml version="1.0" encoding="UTF-8"?>
<!-- Generated by org.testng.reporters.JUnitReportReporter -->
<testsuite skipped="0" hostname="LAPTOP-U94663UT" name="com.TDDPOMSeleniumFramework.tests.SmokeTests_NewTours_Module1" tests="2" failures="0" timestamp="2021-06-17T01:33:38 CST" time="0.223" errors="0">
  <testcase name="SmokeTests_NewTours_Module1_TC1" time="0.192" classname="com.TDDPOMSeleniumFramework.tests.SmokeTests_NewTours_Module1"/>
  <system-out/>
  <testcase name="SmokeTests_NewTours_Module1_TC2" time="0.031" classname="com.TDDPOMSeleniumFramework.tests.SmokeTests_NewTours_Module1"/>
  <system-out/>
</testsuite> <!-- com.TDDPOMSeleniumFramework.tests.SmokeTests_NewTours_Module1 -->
