<?xml version="1.0" encoding="UTF-8"?>
<!-- Generated by org.testng.reporters.JUnitReportReporter -->
<testsuite hostname="LAPTOP-U94663UT" failures="0" tests="2" name="com.TDDPOMSeleniumFramework.tests.SmokeTests_NewTours_Module1Test" time="0.690" errors="0" timestamp="2022-02-25T09:29:31 CST" skipped="0">
  <testcase classname="com.TDDPOMSeleniumFramework.tests.SmokeTests_NewTours_Module1Test" name="SmokeTests_NewTours_Module1_TC1" time="0.438"/>
  <system-out/>
  <testcase classname="com.TDDPOMSeleniumFramework.tests.SmokeTests_NewTours_Module1Test" name="SmokeTests_NewTours_Module1_TC2" time="0.252"/>
  <system-out/>
</testsuite> <!-- com.TDDPOMSeleniumFramework.tests.SmokeTests_NewTours_Module1Test -->
