<?xml version="1.0" encoding="UTF-8"?>
<!-- Generated by org.testng.reporters.JUnitReportReporter -->
<testsuite hostname="LAPTOP-U94663UT" failures="0" tests="2" name="com.TDDPOMSeleniumFramework.tests.SmokeTests_NewTours_Module1" time="0.232" errors="0" timestamp="2021-06-16T10:14:40 CST" skipped="0">
  <testcase classname="com.TDDPOMSeleniumFramework.tests.SmokeTests_NewTours_Module1" name="SmokeTests_NewTours_Module1_TC1" time="0.220"/>
  <system-out/>
  <testcase classname="com.TDDPOMSeleniumFramework.tests.SmokeTests_NewTours_Module1" name="SmokeTests_NewTours_Module1_TC2" time="0.012"/>
  <system-out/>
</testsuite> <!-- com.TDDPOMSeleniumFramework.tests.SmokeTests_NewTours_Module1 -->
